<?xml version="1.0" encoding="UTF-8"?>
<testsuite xmlns:xsi="http://www.w3.org/2001/XMLSchema-instance" xsi:noNamespaceSchemaLocation="https://maven.apache.org/surefire/maven-surefire-plugin/xsd/surefire-test-report.xsd" version="3.0.1" name="com.carlos.FizzBuzzTest" time="0.053" tests="6" errors="0" skipped="0" failures="0">
  <properties>
[...]
</properties>
  <testcase name="computeAnyFizzBuzzNumbers" classname="com.carlos.FizzBuzzTest" time="0.014"/>
  <testcase name="computeFizzNumbers" classname="com.carlos.FizzBuzzTest" time="0.002"/>
  <testcase name="canInstantiateFizzBuzz" classname="com.carlos.FizzBuzzTest" time="0.002"/>
  <testcase name="computeBuzzNumbers" classname="com.carlos.FizzBuzzTest" time="0.001"/>
  <testcase name="computeNormalNumbers" classname="com.carlos.FizzBuzzTest" time="0.001"/>
  <testcase name="constructorThrowsOnInvalidLimit" classname="com.carlos.FizzBuzzTest" time="0.002"/>
</testsuite>